2021-12-31 12:01:43,367 - ERROR      - client   - 400: Bad Request 
2021-12-31 12:04:17,027 - ERROR      - client   - 400: Bad Request 
2021-12-31 12:04:49,470 - WARNING    - client   - Порт должен быть указан в пределах от 1024 до 65535 
2021-12-31 12:06:48,801 - INFO       - client   - Установленно подключение 
2021-12-31 12:06:48,803 - INFO       - client   - Подключение закрыто 
2021-12-31 12:15:46,685 - INFO       - client   - Установленно подключение 
2021-12-31 12:15:46,686 - INFO       - client   - Подключение закрыто 
2022-01-10 21:16:13,702 - INFO       - client   - Установленно подключение 
2022-01-10 21:16:13,702 - Функция create_massege вызвана из функции main 
2022-01-10 21:16:13,702 - INFO       - client   - Подключение закрыто 
2022-01-10 21:16:13,702 - Функция response_treatment вызвана из функции main 
2022-01-10 21:16:13,702 - Функция response_treatment вызвана из функции main 
2022-01-10 21:19:52,537 - INFO       - client   - Установленно подключение 
2022-01-10 21:19:52,568 - Функция create_massege вызвана из функции main 
2022-01-10 21:19:52,568 - INFO       - client   - Подключение закрыто 
2022-01-10 21:19:52,568 - Функция response_treatment вызвана из функции main 
2022-01-10 21:19:52,568 - Функция response_treatment вызвана из функции main 
2022-01-10 21:23:21,538 - INFO       - client   - Установленно подключение 
2022-01-10 21:23:21,569 - Функция create_massege вызвана из функции main 
2022-01-10 21:23:21,600 - Функция massege_treatment вызвана из функции main 
2022-01-10 21:23:21,616 - INFO       - client   - Подключение закрыто 
2022-01-10 21:23:21,616 - Функция response_treatment вызвана из функции main 
2022-01-10 21:23:21,616 - Функция response_treatment вызвана из функции main 
2022-01-10 21:26:06,860 - INFO       - client   - Установленно подключение 
2022-01-10 21:26:06,891 - Функция create_massege вызвана из функции main 
2022-01-10 21:26:06,923 - INFO       - client   - Подключение закрыто 
2022-01-10 21:26:06,923 - Функция response_treatment вызвана из функции main 
2022-01-10 21:26:06,923 - Функция response_treatment вызвана из функции main 
2022-01-10 21:31:47,748 - INFO       - client   - Установленно подключение 
2022-01-10 21:31:47,779 - Функция create_massege вызвана из функции main 
2022-01-10 21:32:57,748 - ERROR      - client   - 400: Bad Request 
2022-01-10 21:33:08,464 - INFO       - client   - Установленно подключение 
2022-01-10 21:33:08,495 - Функция create_massege вызвана из функции main 
2022-01-10 21:33:08,526 - INFO       - client   - Подключение закрыто 
2022-01-10 21:33:08,526 - Функция response_treatment вызвана из функции main 
2022-01-10 21:33:08,526 - Функция response_treatment вызвана из функции main 
2022-01-10 21:35:12,509 - INFO       - client   - Установленно подключение 
2022-01-10 21:35:12,541 - Функция create_massege вызвана из функции main 
2022-01-10 21:35:12,572 - INFO       - client   - Подключение закрыто 
2022-01-10 21:35:12,588 - Функция response_treatment вызвана из функции main 
2022-01-10 21:35:12,588 - Функция response_treatment вызвана из функции main 
2022-01-10 21:41:13,469 - INFO       - client   - Установленно подключение 
2022-01-10 21:41:13,516 - Функция create_massege вызвана из функции main 
2022-01-10 21:41:13,548 - INFO       - client   - Подключение закрыто 
2022-01-10 21:41:13,548 - Функция response_treatment вызвана из функции main 
2022-01-10 21:41:13,548 - Функция response_treatment вызвана из функции main 
2022-01-13 21:46:07,992 - INFO       - client   - Установленно подключение 
2022-01-13 21:46:08,039 - Функция create_massege вызвана из функции main 
2022-01-13 21:46:08,070 - Функция response_treatment вызвана из функции main 
2022-01-13 21:46:08,070 - Функция response_treatment вызвана из функции main 
2022-01-13 21:49:06,981 - INFO       - client   - Установленно подключение 
2022-01-13 21:49:07,028 - Функция create_massege вызвана из функции main 
2022-01-13 21:49:07,059 - Функция response_treatment вызвана из функции main 
2022-01-13 21:49:07,059 - Функция response_treatment вызвана из функции main 
2022-01-13 21:49:13,122 - INFO       - client_w - Установленно подключение 
2022-01-13 21:49:13,154 - Функция create_massege вызвана из функции main 
2022-01-13 21:49:13,154 - Функция response_treatment вызвана из функции main 
2022-01-13 21:49:13,154 - Функция response_treatment вызвана из функции main 
2022-01-13 21:49:19,639 - INFO       - client   - Подключение закрыто 
2022-01-13 21:51:45,526 - INFO       - client_w - Установленно подключение 
2022-01-13 21:51:45,558 - Функция create_massege вызвана из функции main 
2022-01-13 21:51:45,604 - Функция response_treatment вызвана из функции main 
2022-01-13 21:51:45,604 - Функция response_treatment вызвана из функции main 
2022-01-13 21:51:49,167 - INFO       - client   - Установленно подключение 
2022-01-13 21:51:49,199 - Функция create_massege вызвана из функции main 
2022-01-13 21:51:49,199 - Функция response_treatment вызвана из функции main 
2022-01-13 21:51:49,199 - Функция response_treatment вызвана из функции main 
2022-01-13 21:53:00,114 - INFO       - client_w - Установленно подключение 
2022-01-13 21:53:00,146 - Функция create_massege вызвана из функции main 
2022-01-13 21:53:00,177 - Функция response_treatment вызвана из функции main 
2022-01-13 21:53:00,177 - Функция response_treatment вызвана из функции main 
2022-01-13 21:53:24,270 - ERROR      - client_w - 400: Bad Request 
2022-01-13 21:54:08,013 - ERROR      - client_w - 400: Bad Request 
2022-01-13 21:54:33,939 - INFO       - client_w - Установленно подключение 
2022-01-13 21:54:33,970 - Функция create_massege вызвана из функции main 
2022-01-13 21:54:34,017 - Функция response_treatment вызвана из функции main 
2022-01-13 21:54:34,017 - Функция response_treatment вызвана из функции main 
2022-01-13 21:54:38,721 - INFO       - client   - Установленно подключение 
2022-01-13 21:54:38,752 - Функция create_massege вызвана из функции main 
2022-01-13 21:54:38,752 - Функция response_treatment вызвана из функции main 
2022-01-13 21:54:38,752 - Функция response_treatment вызвана из функции main 
2022-01-13 21:54:44,792 - INFO       - client   - Подключение закрыто 
2022-01-13 21:56:29,095 - INFO       - client_w - Установленно подключение 
2022-01-13 21:56:29,126 - Функция create_massege вызвана из функции main 
2022-01-13 21:56:29,157 - Функция response_treatment вызвана из функции main 
2022-01-13 21:56:29,157 - Функция response_treatment вызвана из функции main 
2022-01-13 21:56:31,845 - INFO       - client_w_1 - Установленно подключение 
2022-01-13 21:56:31,876 - Функция create_massege вызвана из функции main 
2022-01-13 21:56:31,892 - Функция response_treatment вызвана из функции main 
2022-01-13 21:56:31,892 - Функция response_treatment вызвана из функции main 
2022-01-13 21:56:35,048 - INFO       - client   - Установленно подключение 
2022-01-13 21:56:35,080 - Функция create_massege вызвана из функции main 
2022-01-13 21:56:35,080 - Функция response_treatment вызвана из функции main 
2022-01-13 21:56:35,080 - Функция response_treatment вызвана из функции main 
2022-01-13 21:56:47,862 - INFO       - client   - Подключение закрыто 
